{"C:\\Users\\ASUS\\OneDrive\\Documents\\Hacktiv\\Hacktiv8-phase3\\Hacktiv8-phase3-week3\\Final Project2\\Pando\\server\\services\\users\\app.js": {"path":"C:\\Users\\ASUS\\OneDrive\\Documents\\Hacktiv\\Hacktiv8-phase3\\Hacktiv8-phase3-week3\\Final Project2\\Pando\\server\\services\\users\\app.js","statementMap":{"0":{"start":{"line":1,"column":16},"end":{"line":1,"column":34}},"1":{"start":{"line":2,"column":15},"end":{"line":2,"column":34}},"2":{"start":{"line":3,"column":12},"end":{"line":3,"column":21}},"3":{"start":{"line":4,"column":13},"end":{"line":4,"column":37}},"4":{"start":{"line":5,"column":21},"end":{"line":5,"column":58}},"5":{"start":{"line":7,"column":0},"end":{"line":7,"column":24}},"6":{"start":{"line":8,"column":0},"end":{"line":8,"column":48}},"7":{"start":{"line":9,"column":0},"end":{"line":9,"column":21}},"8":{"start":{"line":10,"column":0},"end":{"line":10,"column":22}},"9":{"start":{"line":14,"column":0},"end":{"line":14,"column":25}}},"fnMap":{},"branchMap":{"0":{"loc":{"start":{"line":4,"column":13},"end":{"line":4,"column":37}},"type":"binary-expr","locations":[{"start":{"line":4,"column":13},"end":{"line":4,"column":29}},{"start":{"line":4,"column":33},"end":{"line":4,"column":37}}],"line":4}},"s":{"0":2,"1":2,"2":2,"3":2,"4":2,"5":2,"6":2,"7":2,"8":2,"9":2},"f":{},"b":{"0":[2,2]},"_coverageSchema":"1a1c01bbd47fc00a2c39e90264f33305004495a9","hash":"fd7e2e422f2b887de7d44a93c522933bfd701699"}
,"C:\\Users\\ASUS\\OneDrive\\Documents\\Hacktiv\\Hacktiv8-phase3\\Hacktiv8-phase3-week3\\Final Project2\\Pando\\server\\services\\users\\controllers\\tanamanUserController.js": {"path":"C:\\Users\\ASUS\\OneDrive\\Documents\\Hacktiv\\Hacktiv8-phase3\\Hacktiv8-phase3-week3\\Final Project2\\Pando\\server\\services\\users\\controllers\\tanamanUserController.js","statementMap":{"0":{"start":{"line":1,"column":24},"end":{"line":1,"column":44}},"1":{"start":{"line":5,"column":19},"end":{"line":5,"column":34}},"2":{"start":{"line":6,"column":4},"end":{"line":6,"column":24}},"3":{"start":{"line":7,"column":4},"end":{"line":16,"column":9}},"4":{"start":{"line":12,"column":8},"end":{"line":12,"column":35}},"5":{"start":{"line":15,"column":8},"end":{"line":15,"column":18}},"6":{"start":{"line":20,"column":19},"end":{"line":20,"column":34}},"7":{"start":{"line":21,"column":62},"end":{"line":21,"column":70}},"8":{"start":{"line":22,"column":4},"end":{"line":37,"column":9}},"9":{"start":{"line":32,"column":8},"end":{"line":32,"column":41}},"10":{"start":{"line":33,"column":8},"end":{"line":33,"column":35}},"11":{"start":{"line":36,"column":8},"end":{"line":36,"column":18}},"12":{"start":{"line":41,"column":19},"end":{"line":41,"column":29}},"13":{"start":{"line":42,"column":4},"end":{"line":53,"column":33}},"14":{"start":{"line":44,"column":8},"end":{"line":51,"column":9}},"15":{"start":{"line":45,"column":10},"end":{"line":45,"column":43}},"16":{"start":{"line":47,"column":93},"end":{"line":47,"column":99}},"17":{"start":{"line":48,"column":10},"end":{"line":50,"column":94}},"18":{"start":{"line":53,"column":22},"end":{"line":53,"column":31}},"19":{"start":{"line":57,"column":19},"end":{"line":57,"column":34}},"20":{"start":{"line":58,"column":19},"end":{"line":58,"column":29}},"21":{"start":{"line":59,"column":54},"end":{"line":59,"column":62}},"22":{"start":{"line":60,"column":4},"end":{"line":69,"column":9}},"23":{"start":{"line":65,"column":8},"end":{"line":65,"column":58}},"24":{"start":{"line":68,"column":8},"end":{"line":68,"column":17}},"25":{"start":{"line":73,"column":19},"end":{"line":73,"column":29}},"26":{"start":{"line":74,"column":4},"end":{"line":86,"column":9}},"27":{"start":{"line":76,"column":8},"end":{"line":82,"column":9}},"28":{"start":{"line":77,"column":10},"end":{"line":77,"column":43}},"29":{"start":{"line":79,"column":10},"end":{"line":81,"column":79}},"30":{"start":{"line":85,"column":8},"end":{"line":85,"column":18}},"31":{"start":{"line":90,"column":0},"end":{"line":90,"column":40}}},"fnMap":{"0":{"name":"(anonymous_0)","decl":{"start":{"line":4,"column":2},"end":{"line":4,"column":3}},"loc":{"start":{"line":4,"column":33},"end":{"line":17,"column":3}},"line":4},"1":{"name":"(anonymous_1)","decl":{"start":{"line":11,"column":12},"end":{"line":11,"column":13}},"loc":{"start":{"line":11,"column":22},"end":{"line":13,"column":7}},"line":11},"2":{"name":"(anonymous_2)","decl":{"start":{"line":14,"column":13},"end":{"line":14,"column":14}},"loc":{"start":{"line":14,"column":22},"end":{"line":16,"column":7}},"line":14},"3":{"name":"(anonymous_3)","decl":{"start":{"line":19,"column":2},"end":{"line":19,"column":3}},"loc":{"start":{"line":19,"column":32},"end":{"line":38,"column":3}},"line":19},"4":{"name":"(anonymous_4)","decl":{"start":{"line":31,"column":12},"end":{"line":31,"column":13}},"loc":{"start":{"line":31,"column":22},"end":{"line":34,"column":7}},"line":31},"5":{"name":"(anonymous_5)","decl":{"start":{"line":35,"column":13},"end":{"line":35,"column":14}},"loc":{"start":{"line":35,"column":22},"end":{"line":37,"column":7}},"line":35},"6":{"name":"(anonymous_6)","decl":{"start":{"line":40,"column":2},"end":{"line":40,"column":3}},"loc":{"start":{"line":40,"column":34},"end":{"line":54,"column":3}},"line":40},"7":{"name":"(anonymous_7)","decl":{"start":{"line":43,"column":12},"end":{"line":43,"column":13}},"loc":{"start":{"line":43,"column":24},"end":{"line":52,"column":7}},"line":43},"8":{"name":"(anonymous_8)","decl":{"start":{"line":53,"column":13},"end":{"line":53,"column":14}},"loc":{"start":{"line":53,"column":22},"end":{"line":53,"column":31}},"line":53},"9":{"name":"(anonymous_9)","decl":{"start":{"line":56,"column":2},"end":{"line":56,"column":3}},"loc":{"start":{"line":56,"column":32},"end":{"line":70,"column":3}},"line":56},"10":{"name":"(anonymous_10)","decl":{"start":{"line":64,"column":12},"end":{"line":64,"column":13}},"loc":{"start":{"line":64,"column":22},"end":{"line":66,"column":7}},"line":64},"11":{"name":"(anonymous_11)","decl":{"start":{"line":67,"column":13},"end":{"line":67,"column":14}},"loc":{"start":{"line":67,"column":22},"end":{"line":69,"column":7}},"line":67},"12":{"name":"(anonymous_12)","decl":{"start":{"line":72,"column":2},"end":{"line":72,"column":3}},"loc":{"start":{"line":72,"column":33},"end":{"line":87,"column":3}},"line":72},"13":{"name":"(anonymous_13)","decl":{"start":{"line":75,"column":12},"end":{"line":75,"column":13}},"loc":{"start":{"line":75,"column":24},"end":{"line":83,"column":7}},"line":75},"14":{"name":"(anonymous_14)","decl":{"start":{"line":84,"column":13},"end":{"line":84,"column":14}},"loc":{"start":{"line":84,"column":22},"end":{"line":86,"column":7}},"line":84}},"branchMap":{"0":{"loc":{"start":{"line":44,"column":8},"end":{"line":51,"column":9}},"type":"if","locations":[{"start":{"line":44,"column":8},"end":{"line":51,"column":9}},{"start":{"line":44,"column":8},"end":{"line":51,"column":9}}],"line":44},"1":{"loc":{"start":{"line":76,"column":8},"end":{"line":82,"column":9}},"type":"if","locations":[{"start":{"line":76,"column":8},"end":{"line":82,"column":9}},{"start":{"line":76,"column":8},"end":{"line":82,"column":9}}],"line":76},"2":{"loc":{"start":{"line":76,"column":12},"end":{"line":76,"column":54}},"type":"binary-expr","locations":[{"start":{"line":76,"column":12},"end":{"line":76,"column":24}},{"start":{"line":76,"column":28},"end":{"line":76,"column":43}},{"start":{"line":76,"column":47},"end":{"line":76,"column":54}}],"line":76}},"s":{"0":2,"1":3,"2":3,"3":3,"4":3,"5":0,"6":2,"7":2,"8":2,"9":1,"10":1,"11":1,"12":1,"13":1,"14":1,"15":0,"16":1,"17":1,"18":0,"19":1,"20":1,"21":1,"22":1,"23":1,"24":0,"25":1,"26":1,"27":1,"28":0,"29":1,"30":0,"31":2},"f":{"0":3,"1":3,"2":0,"3":2,"4":1,"5":1,"6":1,"7":1,"8":0,"9":1,"10":1,"11":0,"12":1,"13":1,"14":0},"b":{"0":[0,1],"1":[0,1],"2":[1,1,1]},"_coverageSchema":"1a1c01bbd47fc00a2c39e90264f33305004495a9","hash":"176aba8e6f043e0a28dc58aab55c19f183d3074e"}
,"C:\\Users\\ASUS\\OneDrive\\Documents\\Hacktiv\\Hacktiv8-phase3\\Hacktiv8-phase3-week3\\Final Project2\\Pando\\server\\services\\users\\controllers\\userController.js": {"path":"C:\\Users\\ASUS\\OneDrive\\Documents\\Hacktiv\\Hacktiv8-phase3\\Hacktiv8-phase3-week3\\Final Project2\\Pando\\server\\services\\users\\controllers\\userController.js","statementMap":{"0":{"start":{"line":1,"column":17},"end":{"line":1,"column":37}},"1":{"start":{"line":2,"column":15},"end":{"line":2,"column":32}},"2":{"start":{"line":3,"column":22},"end":{"line":3,"column":57}},"3":{"start":{"line":7,"column":38},"end":{"line":7,"column":46}},"4":{"start":{"line":9,"column":4},"end":{"line":29,"column":9}},"5":{"start":{"line":15,"column":8},"end":{"line":15,"column":37}},"6":{"start":{"line":16,"column":29},"end":{"line":16,"column":48}},"7":{"start":{"line":17,"column":8},"end":{"line":17,"column":74}},"8":{"start":{"line":20,"column":21},"end":{"line":20,"column":23}},"9":{"start":{"line":21,"column":8},"end":{"line":28,"column":9}},"10":{"start":{"line":22,"column":10},"end":{"line":24,"column":11}},"11":{"start":{"line":23,"column":12},"end":{"line":23,"column":47}},"12":{"start":{"line":25,"column":10},"end":{"line":25,"column":61}},"13":{"start":{"line":27,"column":10},"end":{"line":27,"column":20}},"14":{"start":{"line":33,"column":32},"end":{"line":33,"column":40}},"15":{"start":{"line":34,"column":18},"end":{"line":34,"column":65}},"16":{"start":{"line":35,"column":4},"end":{"line":50,"column":9}},"17":{"start":{"line":39,"column":8},"end":{"line":46,"column":9}},"18":{"start":{"line":40,"column":10},"end":{"line":40,"column":22}},"19":{"start":{"line":41,"column":10},"end":{"line":41,"column":17}},"20":{"start":{"line":43,"column":31},"end":{"line":43,"column":50}},"21":{"start":{"line":44,"column":10},"end":{"line":44,"column":37}},"22":{"start":{"line":45,"column":10},"end":{"line":45,"column":49}},"23":{"start":{"line":49,"column":8},"end":{"line":49,"column":18}},"24":{"start":{"line":54,"column":0},"end":{"line":54,"column":32}}},"fnMap":{"0":{"name":"(anonymous_0)","decl":{"start":{"line":6,"column":2},"end":{"line":6,"column":3}},"loc":{"start":{"line":6,"column":34},"end":{"line":30,"column":3}},"line":6},"1":{"name":"(anonymous_1)","decl":{"start":{"line":14,"column":12},"end":{"line":14,"column":13}},"loc":{"start":{"line":14,"column":22},"end":{"line":18,"column":7}},"line":14},"2":{"name":"(anonymous_2)","decl":{"start":{"line":19,"column":13},"end":{"line":19,"column":14}},"loc":{"start":{"line":19,"column":22},"end":{"line":29,"column":7}},"line":19},"3":{"name":"(anonymous_3)","decl":{"start":{"line":32,"column":2},"end":{"line":32,"column":3}},"loc":{"start":{"line":32,"column":31},"end":{"line":51,"column":3}},"line":32},"4":{"name":"(anonymous_4)","decl":{"start":{"line":38,"column":12},"end":{"line":38,"column":13}},"loc":{"start":{"line":38,"column":22},"end":{"line":47,"column":7}},"line":38},"5":{"name":"(anonymous_5)","decl":{"start":{"line":48,"column":13},"end":{"line":48,"column":14}},"loc":{"start":{"line":48,"column":22},"end":{"line":50,"column":7}},"line":48}},"branchMap":{"0":{"loc":{"start":{"line":21,"column":8},"end":{"line":28,"column":9}},"type":"if","locations":[{"start":{"line":21,"column":8},"end":{"line":28,"column":9}},{"start":{"line":21,"column":8},"end":{"line":28,"column":9}}],"line":21},"1":{"loc":{"start":{"line":39,"column":8},"end":{"line":46,"column":9}},"type":"if","locations":[{"start":{"line":39,"column":8},"end":{"line":46,"column":9}},{"start":{"line":39,"column":8},"end":{"line":46,"column":9}}],"line":39},"2":{"loc":{"start":{"line":39,"column":12},"end":{"line":39,"column":65}},"type":"binary-expr","locations":[{"start":{"line":39,"column":12},"end":{"line":39,"column":17}},{"start":{"line":39,"column":21},"end":{"line":39,"column":65}}],"line":39}},"s":{"0":2,"1":2,"2":2,"3":9,"4":9,"5":2,"6":2,"7":2,"8":7,"9":7,"10":7,"11":12,"12":7,"13":0,"14":2,"15":2,"16":2,"17":2,"18":1,"19":1,"20":1,"21":1,"22":1,"23":0,"24":2},"f":{"0":9,"1":2,"2":7,"3":2,"4":2,"5":0},"b":{"0":[7,0],"1":[1,1],"2":[2,1]},"_coverageSchema":"1a1c01bbd47fc00a2c39e90264f33305004495a9","hash":"1fa52703422c536bc7db4c136afe583c9cf85214"}
,"C:\\Users\\ASUS\\OneDrive\\Documents\\Hacktiv\\Hacktiv8-phase3\\Hacktiv8-phase3-week3\\Final Project2\\Pando\\server\\services\\users\\helpers\\generateToken.js": {"path":"C:\\Users\\ASUS\\OneDrive\\Documents\\Hacktiv\\Hacktiv8-phase3\\Hacktiv8-phase3-week3\\Final Project2\\Pando\\server\\services\\users\\helpers\\generateToken.js","statementMap":{"0":{"start":{"line":1,"column":0},"end":{"line":1,"column":27}},"1":{"start":{"line":2,"column":12},"end":{"line":2,"column":35}},"2":{"start":{"line":3,"column":18},"end":{"line":3,"column":40}},"3":{"start":{"line":5,"column":0},"end":{"line":10,"column":2}},"4":{"start":{"line":6,"column":30},"end":{"line":6,"column":34}},"5":{"start":{"line":9,"column":2},"end":{"line":9,"column":50}}},"fnMap":{"0":{"name":"(anonymous_0)","decl":{"start":{"line":5,"column":33},"end":{"line":5,"column":34}},"loc":{"start":{"line":5,"column":43},"end":{"line":10,"column":1}},"line":5}},"branchMap":{},"s":{"0":2,"1":2,"2":2,"3":2,"4":3,"5":3},"f":{"0":3},"b":{},"_coverageSchema":"1a1c01bbd47fc00a2c39e90264f33305004495a9","hash":"0e313aa534fed9dbd38551c595188be18f7bae74"}
,"C:\\Users\\ASUS\\OneDrive\\Documents\\Hacktiv\\Hacktiv8-phase3\\Hacktiv8-phase3-week3\\Final Project2\\Pando\\server\\services\\users\\middlewares\\auth.js": {"path":"C:\\Users\\ASUS\\OneDrive\\Documents\\Hacktiv\\Hacktiv8-phase3\\Hacktiv8-phase3-week3\\Final Project2\\Pando\\server\\services\\users\\middlewares\\auth.js","statementMap":{"0":{"start":{"line":1,"column":24},"end":{"line":1,"column":44}},"1":{"start":{"line":2,"column":12},"end":{"line":2,"column":35}},"2":{"start":{"line":4,"column":23},"end":{"line":17,"column":1}},"3":{"start":{"line":5,"column":27},"end":{"line":5,"column":38}},"4":{"start":{"line":6,"column":2},"end":{"line":9,"column":3}},"5":{"start":{"line":7,"column":4},"end":{"line":7,"column":38}},"6":{"start":{"line":8,"column":4},"end":{"line":8,"column":11}},"7":{"start":{"line":11,"column":2},"end":{"line":16,"column":3}},"8":{"start":{"line":12,"column":4},"end":{"line":12,"column":68}},"9":{"start":{"line":13,"column":4},"end":{"line":13,"column":11}},"10":{"start":{"line":15,"column":4},"end":{"line":15,"column":14}},"11":{"start":{"line":19,"column":22},"end":{"line":36,"column":1}},"12":{"start":{"line":20,"column":17},"end":{"line":20,"column":27}},"13":{"start":{"line":21,"column":17},"end":{"line":21,"column":32}},"14":{"start":{"line":22,"column":2},"end":{"line":35,"column":7}},"15":{"start":{"line":24,"column":6},"end":{"line":31,"column":7}},"16":{"start":{"line":25,"column":8},"end":{"line":25,"column":41}},"17":{"start":{"line":26,"column":8},"end":{"line":26,"column":14}},"18":{"start":{"line":27,"column":13},"end":{"line":31,"column":7}},"19":{"start":{"line":28,"column":8},"end":{"line":28,"column":43}},"20":{"start":{"line":30,"column":8},"end":{"line":30,"column":15}},"21":{"start":{"line":34,"column":6},"end":{"line":34,"column":16}},"22":{"start":{"line":38,"column":0},"end":{"line":38,"column":51}}},"fnMap":{"0":{"name":"(anonymous_0)","decl":{"start":{"line":4,"column":23},"end":{"line":4,"column":24}},"loc":{"start":{"line":4,"column":43},"end":{"line":17,"column":1}},"line":4},"1":{"name":"(anonymous_1)","decl":{"start":{"line":19,"column":22},"end":{"line":19,"column":23}},"loc":{"start":{"line":19,"column":42},"end":{"line":36,"column":1}},"line":19},"2":{"name":"(anonymous_2)","decl":{"start":{"line":23,"column":10},"end":{"line":23,"column":11}},"loc":{"start":{"line":23,"column":23},"end":{"line":32,"column":5}},"line":23},"3":{"name":"(anonymous_3)","decl":{"start":{"line":33,"column":11},"end":{"line":33,"column":12}},"loc":{"start":{"line":33,"column":20},"end":{"line":35,"column":5}},"line":33}},"branchMap":{"0":{"loc":{"start":{"line":6,"column":2},"end":{"line":9,"column":3}},"type":"if","locations":[{"start":{"line":6,"column":2},"end":{"line":9,"column":3}},{"start":{"line":6,"column":2},"end":{"line":9,"column":3}}],"line":6},"1":{"loc":{"start":{"line":24,"column":6},"end":{"line":31,"column":7}},"type":"if","locations":[{"start":{"line":24,"column":6},"end":{"line":31,"column":7}},{"start":{"line":24,"column":6},"end":{"line":31,"column":7}}],"line":24},"2":{"loc":{"start":{"line":27,"column":13},"end":{"line":31,"column":7}},"type":"if","locations":[{"start":{"line":27,"column":13},"end":{"line":31,"column":7}},{"start":{"line":27,"column":13},"end":{"line":31,"column":7}}],"line":27}},"s":{"0":2,"1":2,"2":2,"3":12,"4":12,"5":1,"6":1,"7":11,"8":11,"9":11,"10":0,"11":2,"12":6,"13":6,"14":6,"15":6,"16":3,"17":3,"18":3,"19":0,"20":3,"21":0,"22":2},"f":{"0":12,"1":6,"2":6,"3":0},"b":{"0":[1,11],"1":[3,3],"2":[0,3]},"_coverageSchema":"1a1c01bbd47fc00a2c39e90264f33305004495a9","hash":"d855999d2b6420ecc66501b0d46b1ab6476e4105"}
,"C:\\Users\\ASUS\\OneDrive\\Documents\\Hacktiv\\Hacktiv8-phase3\\Hacktiv8-phase3-week3\\Final Project2\\Pando\\server\\services\\users\\middlewares\\errorHandler.js": {"path":"C:\\Users\\ASUS\\OneDrive\\Documents\\Hacktiv\\Hacktiv8-phase3\\Hacktiv8-phase3-week3\\Final Project2\\Pando\\server\\services\\users\\middlewares\\errorHandler.js","statementMap":{"0":{"start":{"line":1,"column":0},"end":{"line":24,"column":2}},"1":{"start":{"line":2,"column":19},"end":{"line":2,"column":22}},"2":{"start":{"line":3,"column":18},"end":{"line":3,"column":41}},"3":{"start":{"line":4,"column":16},"end":{"line":4,"column":39}},"4":{"start":{"line":6,"column":2},"end":{"line":21,"column":3}},"5":{"start":{"line":7,"column":4},"end":{"line":7,"column":21}},"6":{"start":{"line":8,"column":4},"end":{"line":8,"column":35}},"7":{"start":{"line":9,"column":4},"end":{"line":9,"column":25}},"8":{"start":{"line":10,"column":9},"end":{"line":21,"column":3}},"9":{"start":{"line":11,"column":4},"end":{"line":11,"column":21}},"10":{"start":{"line":12,"column":4},"end":{"line":12,"column":44}},"11":{"start":{"line":13,"column":4},"end":{"line":13,"column":39}},"12":{"start":{"line":14,"column":9},"end":{"line":21,"column":3}},"13":{"start":{"line":18,"column":4},"end":{"line":18,"column":21}},"14":{"start":{"line":19,"column":4},"end":{"line":19,"column":33}},"15":{"start":{"line":20,"column":4},"end":{"line":20,"column":23}},"16":{"start":{"line":23,"column":2},"end":{"line":23,"column":54}}},"fnMap":{"0":{"name":"(anonymous_0)","decl":{"start":{"line":1,"column":17},"end":{"line":1,"column":18}},"loc":{"start":{"line":1,"column":42},"end":{"line":24,"column":1}},"line":1}},"branchMap":{"0":{"loc":{"start":{"line":6,"column":2},"end":{"line":21,"column":3}},"type":"if","locations":[{"start":{"line":6,"column":2},"end":{"line":21,"column":3}},{"start":{"line":6,"column":2},"end":{"line":21,"column":3}}],"line":6},"1":{"loc":{"start":{"line":10,"column":9},"end":{"line":21,"column":3}},"type":"if","locations":[{"start":{"line":10,"column":9},"end":{"line":21,"column":3}},{"start":{"line":10,"column":9},"end":{"line":21,"column":3}}],"line":10},"2":{"loc":{"start":{"line":14,"column":9},"end":{"line":21,"column":3}},"type":"if","locations":[{"start":{"line":14,"column":9},"end":{"line":21,"column":3}},{"start":{"line":14,"column":9},"end":{"line":21,"column":3}}],"line":14},"3":{"loc":{"start":{"line":15,"column":4},"end":{"line":16,"column":34}},"type":"binary-expr","locations":[{"start":{"line":15,"column":4},"end":{"line":15,"column":33}},{"start":{"line":16,"column":4},"end":{"line":16,"column":34}}],"line":15}},"s":{"0":2,"1":13,"2":13,"3":13,"4":13,"5":8,"6":8,"7":8,"8":5,"9":1,"10":1,"11":1,"12":4,"13":4,"14":4,"15":4,"16":13},"f":{"0":13},"b":{"0":[8,5],"1":[1,4],"2":[4,0],"3":[4,1]},"_coverageSchema":"1a1c01bbd47fc00a2c39e90264f33305004495a9","hash":"b9ab19c08b4a4479c895928112406f216c2ae89e"}
,"C:\\Users\\ASUS\\OneDrive\\Documents\\Hacktiv\\Hacktiv8-phase3\\Hacktiv8-phase3-week3\\Final Project2\\Pando\\server\\services\\users\\models\\index.js": {"path":"C:\\Users\\ASUS\\OneDrive\\Documents\\Hacktiv\\Hacktiv8-phase3\\Hacktiv8-phase3-week3\\Final Project2\\Pando\\server\\services\\users\\models\\index.js","statementMap":{"0":{"start":{"line":3,"column":11},"end":{"line":3,"column":24}},"1":{"start":{"line":4,"column":13},"end":{"line":4,"column":28}},"2":{"start":{"line":5,"column":18},"end":{"line":5,"column":38}},"3":{"start":{"line":6,"column":17},"end":{"line":6,"column":42}},"4":{"start":{"line":7,"column":12},"end":{"line":7,"column":49}},"5":{"start":{"line":8,"column":15},"end":{"line":8,"column":65}},"6":{"start":{"line":9,"column":11},"end":{"line":9,"column":13}},"7":{"start":{"line":12,"column":0},"end":{"line":21,"column":1}},"8":{"start":{"line":13,"column":2},"end":{"line":13,"column":74}},"9":{"start":{"line":15,"column":2},"end":{"line":20,"column":4}},"10":{"start":{"line":23,"column":0},"end":{"line":35,"column":5}},"11":{"start":{"line":25,"column":4},"end":{"line":27,"column":6}},"12":{"start":{"line":30,"column":18},"end":{"line":33,"column":5}},"13":{"start":{"line":34,"column":4},"end":{"line":34,"column":27}},"14":{"start":{"line":37,"column":0},"end":{"line":41,"column":3}},"15":{"start":{"line":38,"column":2},"end":{"line":40,"column":3}},"16":{"start":{"line":39,"column":4},"end":{"line":39,"column":32}},"17":{"start":{"line":43,"column":0},"end":{"line":43,"column":25}},"18":{"start":{"line":44,"column":0},"end":{"line":44,"column":25}},"19":{"start":{"line":46,"column":0},"end":{"line":46,"column":20}}},"fnMap":{"0":{"name":"(anonymous_0)","decl":{"start":{"line":24,"column":10},"end":{"line":24,"column":11}},"loc":{"start":{"line":24,"column":20},"end":{"line":28,"column":3}},"line":24},"1":{"name":"(anonymous_1)","decl":{"start":{"line":29,"column":11},"end":{"line":29,"column":12}},"loc":{"start":{"line":29,"column":21},"end":{"line":35,"column":3}},"line":29},"2":{"name":"(anonymous_2)","decl":{"start":{"line":37,"column":24},"end":{"line":37,"column":25}},"loc":{"start":{"line":37,"column":39},"end":{"line":41,"column":1}},"line":37}},"branchMap":{"0":{"loc":{"start":{"line":7,"column":12},"end":{"line":7,"column":49}},"type":"binary-expr","locations":[{"start":{"line":7,"column":12},"end":{"line":7,"column":32}},{"start":{"line":7,"column":36},"end":{"line":7,"column":49}}],"line":7},"1":{"loc":{"start":{"line":12,"column":0},"end":{"line":21,"column":1}},"type":"if","locations":[{"start":{"line":12,"column":0},"end":{"line":21,"column":1}},{"start":{"line":12,"column":0},"end":{"line":21,"column":1}}],"line":12},"2":{"loc":{"start":{"line":26,"column":6},"end":{"line":26,"column":78}},"type":"binary-expr","locations":[{"start":{"line":26,"column":6},"end":{"line":26,"column":29}},{"start":{"line":26,"column":33},"end":{"line":26,"column":50}},{"start":{"line":26,"column":54},"end":{"line":26,"column":78}}],"line":26},"3":{"loc":{"start":{"line":38,"column":2},"end":{"line":40,"column":3}},"type":"if","locations":[{"start":{"line":38,"column":2},"end":{"line":40,"column":3}},{"start":{"line":38,"column":2},"end":{"line":40,"column":3}}],"line":38}},"s":{"0":2,"1":2,"2":2,"3":2,"4":2,"5":2,"6":2,"7":2,"8":0,"9":2,"10":2,"11":6,"12":4,"13":4,"14":2,"15":4,"16":4,"17":2,"18":2,"19":2},"f":{"0":6,"1":4,"2":4},"b":{"0":[2,0],"1":[0,2],"2":[6,6,4],"3":[4,0]},"_coverageSchema":"1a1c01bbd47fc00a2c39e90264f33305004495a9","hash":"6992f29e495e34466969712e1b7299289db3814a"}
,"C:\\Users\\ASUS\\OneDrive\\Documents\\Hacktiv\\Hacktiv8-phase3\\Hacktiv8-phase3-week3\\Final Project2\\Pando\\server\\services\\users\\models\\tanamanuser.js": {"path":"C:\\Users\\ASUS\\OneDrive\\Documents\\Hacktiv\\Hacktiv8-phase3\\Hacktiv8-phase3-week3\\Final Project2\\Pando\\server\\services\\users\\models\\tanamanuser.js","statementMap":{"0":{"start":{"line":2,"column":18},"end":{"line":2,"column":38}},"1":{"start":{"line":3,"column":0},"end":{"line":53,"column":2}},"2":{"start":{"line":12,"column":6},"end":{"line":12,"column":41}},"3":{"start":{"line":15,"column":2},"end":{"line":51,"column":4}},"4":{"start":{"line":52,"column":2},"end":{"line":52,"column":21}}},"fnMap":{"0":{"name":"(anonymous_0)","decl":{"start":{"line":3,"column":17},"end":{"line":3,"column":18}},"loc":{"start":{"line":3,"column":43},"end":{"line":53,"column":1}},"line":3},"1":{"name":"(anonymous_1)","decl":{"start":{"line":10,"column":4},"end":{"line":10,"column":5}},"loc":{"start":{"line":10,"column":29},"end":{"line":13,"column":5}},"line":10}},"branchMap":{},"s":{"0":2,"1":2,"2":2,"3":2,"4":2},"f":{"0":2,"1":2},"b":{},"_coverageSchema":"1a1c01bbd47fc00a2c39e90264f33305004495a9","hash":"20343cb648d582497256169b021d9fb48813d063"}
,"C:\\Users\\ASUS\\OneDrive\\Documents\\Hacktiv\\Hacktiv8-phase3\\Hacktiv8-phase3-week3\\Final Project2\\Pando\\server\\services\\users\\models\\user.js": {"path":"C:\\Users\\ASUS\\OneDrive\\Documents\\Hacktiv\\Hacktiv8-phase3\\Hacktiv8-phase3-week3\\Final Project2\\Pando\\server\\services\\users\\models\\user.js","statementMap":{"0":{"start":{"line":2,"column":18},"end":{"line":2,"column":38}},"1":{"start":{"line":3,"column":15},"end":{"line":3,"column":32}},"2":{"start":{"line":4,"column":19},"end":{"line":4,"column":21}},"3":{"start":{"line":5,"column":0},"end":{"line":67,"column":2}},"4":{"start":{"line":14,"column":6},"end":{"line":14,"column":39}},"5":{"start":{"line":17,"column":2},"end":{"line":65,"column":4}},"6":{"start":{"line":61,"column":10},"end":{"line":61,"column":69}},"7":{"start":{"line":66,"column":2},"end":{"line":66,"column":14}}},"fnMap":{"0":{"name":"(anonymous_0)","decl":{"start":{"line":5,"column":17},"end":{"line":5,"column":18}},"loc":{"start":{"line":5,"column":43},"end":{"line":67,"column":1}},"line":5},"1":{"name":"(anonymous_1)","decl":{"start":{"line":12,"column":4},"end":{"line":12,"column":5}},"loc":{"start":{"line":12,"column":29},"end":{"line":15,"column":5}},"line":12},"2":{"name":"(anonymous_2)","decl":{"start":{"line":60,"column":8},"end":{"line":60,"column":9}},"loc":{"start":{"line":60,"column":27},"end":{"line":62,"column":9}},"line":60}},"branchMap":{},"s":{"0":2,"1":2,"2":2,"3":2,"4":2,"5":2,"6":2,"7":2},"f":{"0":2,"1":2,"2":2},"b":{},"_coverageSchema":"1a1c01bbd47fc00a2c39e90264f33305004495a9","hash":"5ca7a222075e822e84580fed6293a946f23faf78"}
,"C:\\Users\\ASUS\\OneDrive\\Documents\\Hacktiv\\Hacktiv8-phase3\\Hacktiv8-phase3-week3\\Final Project2\\Pando\\server\\services\\users\\routes\\Users.js": {"path":"C:\\Users\\ASUS\\OneDrive\\Documents\\Hacktiv\\Hacktiv8-phase3\\Hacktiv8-phase3-week3\\Final Project2\\Pando\\server\\services\\users\\routes\\Users.js","statementMap":{"0":{"start":{"line":1,"column":15},"end":{"line":1,"column":42}},"1":{"start":{"line":2,"column":23},"end":{"line":2,"column":63}},"2":{"start":{"line":4,"column":0},"end":{"line":4,"column":50}},"3":{"start":{"line":5,"column":0},"end":{"line":5,"column":44}},"4":{"start":{"line":7,"column":0},"end":{"line":7,"column":24}}},"fnMap":{},"branchMap":{},"s":{"0":2,"1":2,"2":2,"3":2,"4":2},"f":{},"b":{},"_coverageSchema":"1a1c01bbd47fc00a2c39e90264f33305004495a9","hash":"36eced66bc286b093ed009dacc0ae6e30f94eebb"}
,"C:\\Users\\ASUS\\OneDrive\\Documents\\Hacktiv\\Hacktiv8-phase3\\Hacktiv8-phase3-week3\\Final Project2\\Pando\\server\\services\\users\\routes\\index.js": {"path":"C:\\Users\\ASUS\\OneDrive\\Documents\\Hacktiv\\Hacktiv8-phase3\\Hacktiv8-phase3-week3\\Final Project2\\Pando\\server\\services\\users\\routes\\index.js","statementMap":{"0":{"start":{"line":1,"column":15},"end":{"line":1,"column":42}},"1":{"start":{"line":2,"column":14},"end":{"line":2,"column":32}},"2":{"start":{"line":3,"column":20},"end":{"line":3,"column":45}},"3":{"start":{"line":5,"column":0},"end":{"line":5,"column":23}},"4":{"start":{"line":6,"column":0},"end":{"line":6,"column":40}},"5":{"start":{"line":8,"column":0},"end":{"line":8,"column":24}}},"fnMap":{},"branchMap":{},"s":{"0":2,"1":2,"2":2,"3":2,"4":2,"5":2},"f":{},"b":{},"_coverageSchema":"1a1c01bbd47fc00a2c39e90264f33305004495a9","hash":"8c0f06e8d5784ba6db62996da3bce086437747c9"}
,"C:\\Users\\ASUS\\OneDrive\\Documents\\Hacktiv\\Hacktiv8-phase3\\Hacktiv8-phase3-week3\\Final Project2\\Pando\\server\\services\\users\\routes\\tanamanUsers.js": {"path":"C:\\Users\\ASUS\\OneDrive\\Documents\\Hacktiv\\Hacktiv8-phase3\\Hacktiv8-phase3-week3\\Final Project2\\Pando\\server\\services\\users\\routes\\tanamanUsers.js","statementMap":{"0":{"start":{"line":1,"column":15},"end":{"line":1,"column":42}},"1":{"start":{"line":2,"column":20},"end":{"line":2,"column":67}},"2":{"start":{"line":3,"column":42},"end":{"line":3,"column":72}},"3":{"start":{"line":5,"column":0},"end":{"line":5,"column":27}},"4":{"start":{"line":6,"column":0},"end":{"line":6,"column":37}},"5":{"start":{"line":7,"column":0},"end":{"line":7,"column":37}},"6":{"start":{"line":8,"column":0},"end":{"line":8,"column":56}},"7":{"start":{"line":9,"column":0},"end":{"line":9,"column":54}},"8":{"start":{"line":10,"column":0},"end":{"line":10,"column":58}},"9":{"start":{"line":12,"column":0},"end":{"line":12,"column":24}}},"fnMap":{},"branchMap":{},"s":{"0":2,"1":2,"2":2,"3":2,"4":2,"5":2,"6":2,"7":2,"8":2,"9":2},"f":{},"b":{},"_coverageSchema":"1a1c01bbd47fc00a2c39e90264f33305004495a9","hash":"e079ad1f0af1c503ca41a698a0f3d789f8d7222d"}
}
