TN:
SF:app.js
FNF:0
FNH:0
DA:1,2
DA:2,2
DA:3,2
DA:4,2
DA:5,2
DA:7,2
DA:8,2
DA:9,2
DA:10,2
DA:14,2
LF:10
LH:10
BRDA:4,0,0,2
BRDA:4,0,1,2
BRF:2
BRH:2
end_of_record
TN:
SF:controllers\tanamanUserController.js
FN:4,(anonymous_0)
FN:11,(anonymous_1)
FN:14,(anonymous_2)
FN:19,(anonymous_3)
FN:31,(anonymous_4)
FN:35,(anonymous_5)
FN:40,(anonymous_6)
FN:43,(anonymous_7)
FN:53,(anonymous_8)
FN:56,(anonymous_9)
FN:64,(anonymous_10)
FN:67,(anonymous_11)
FN:72,(anonymous_12)
FN:75,(anonymous_13)
FN:84,(anonymous_14)
FNF:15
FNH:11
FNDA:3,(anonymous_0)
FNDA:3,(anonymous_1)
FNDA:0,(anonymous_2)
FNDA:2,(anonymous_3)
FNDA:1,(anonymous_4)
FNDA:1,(anonymous_5)
FNDA:1,(anonymous_6)
FNDA:1,(anonymous_7)
FNDA:0,(anonymous_8)
FNDA:1,(anonymous_9)
FNDA:1,(anonymous_10)
FNDA:0,(anonymous_11)
FNDA:1,(anonymous_12)
FNDA:1,(anonymous_13)
FNDA:0,(anonymous_14)
DA:1,2
DA:5,3
DA:6,3
DA:7,3
DA:12,3
DA:15,0
DA:20,2
DA:21,2
DA:22,2
DA:32,1
DA:33,1
DA:36,1
DA:41,1
DA:42,1
DA:44,1
DA:45,0
DA:47,1
DA:48,1
DA:53,0
DA:57,1
DA:58,1
DA:59,1
DA:60,1
DA:65,1
DA:68,0
DA:73,1
DA:74,1
DA:76,1
DA:77,0
DA:79,1
DA:85,0
DA:90,2
LF:32
LH:26
BRDA:44,0,0,0
BRDA:44,0,1,1
BRDA:76,1,0,0
BRDA:76,1,1,1
BRDA:76,2,0,1
BRDA:76,2,1,1
BRDA:76,2,2,1
BRF:7
BRH:5
end_of_record
TN:
SF:controllers\userController.js
FN:6,(anonymous_0)
FN:14,(anonymous_1)
FN:19,(anonymous_2)
FN:32,(anonymous_3)
FN:38,(anonymous_4)
FN:48,(anonymous_5)
FNF:6
FNH:5
FNDA:9,(anonymous_0)
FNDA:2,(anonymous_1)
FNDA:7,(anonymous_2)
FNDA:2,(anonymous_3)
FNDA:2,(anonymous_4)
FNDA:0,(anonymous_5)
DA:1,2
DA:2,2
DA:3,2
DA:7,9
DA:9,9
DA:15,2
DA:16,2
DA:17,2
DA:20,7
DA:21,7
DA:22,7
DA:23,12
DA:25,7
DA:27,0
DA:33,2
DA:34,2
DA:35,2
DA:39,2
DA:40,1
DA:41,1
DA:43,1
DA:44,1
DA:45,1
DA:49,0
DA:54,2
LF:25
LH:23
BRDA:21,0,0,7
BRDA:21,0,1,0
BRDA:39,1,0,1
BRDA:39,1,1,1
BRDA:39,2,0,2
BRDA:39,2,1,1
BRF:6
BRH:5
end_of_record
TN:
SF:helpers\generateToken.js
FN:5,(anonymous_0)
FNF:1
FNH:1
FNDA:3,(anonymous_0)
DA:1,2
DA:2,2
DA:3,2
DA:5,2
DA:6,3
DA:9,3
LF:6
LH:6
BRF:0
BRH:0
end_of_record
TN:
SF:middlewares\auth.js
FN:4,(anonymous_0)
FN:19,(anonymous_1)
FN:23,(anonymous_2)
FN:33,(anonymous_3)
FNF:4
FNH:3
FNDA:12,(anonymous_0)
FNDA:6,(anonymous_1)
FNDA:6,(anonymous_2)
FNDA:0,(anonymous_3)
DA:1,2
DA:2,2
DA:4,2
DA:5,12
DA:6,12
DA:7,1
DA:8,1
DA:11,11
DA:12,11
DA:13,11
DA:15,0
DA:19,2
DA:20,6
DA:21,6
DA:22,6
DA:24,6
DA:25,3
DA:26,3
DA:27,3
DA:28,0
DA:30,3
DA:34,0
DA:38,2
LF:23
LH:20
BRDA:6,0,0,1
BRDA:6,0,1,11
BRDA:24,1,0,3
BRDA:24,1,1,3
BRDA:27,2,0,0
BRDA:27,2,1,3
BRF:6
BRH:5
end_of_record
TN:
SF:middlewares\errorHandler.js
FN:1,(anonymous_0)
FNF:1
FNH:1
FNDA:13,(anonymous_0)
DA:1,2
DA:2,13
DA:3,13
DA:4,13
DA:6,13
DA:7,8
DA:8,8
DA:9,8
DA:10,5
DA:11,1
DA:12,1
DA:13,1
DA:14,4
DA:18,4
DA:19,4
DA:20,4
DA:23,13
LF:17
LH:17
BRDA:6,0,0,8
BRDA:6,0,1,5
BRDA:10,1,0,1
BRDA:10,1,1,4
BRDA:14,2,0,4
BRDA:14,2,1,0
BRDA:15,3,0,4
BRDA:15,3,1,1
BRF:8
BRH:7
end_of_record
TN:
SF:models\index.js
FN:24,(anonymous_0)
FN:29,(anonymous_1)
FN:37,(anonymous_2)
FNF:3
FNH:3
FNDA:6,(anonymous_0)
FNDA:4,(anonymous_1)
FNDA:4,(anonymous_2)
DA:3,2
DA:4,2
DA:5,2
DA:6,2
DA:7,2
DA:8,2
DA:9,2
DA:12,2
DA:13,0
DA:15,2
DA:23,2
DA:25,6
DA:30,4
DA:34,4
DA:37,2
DA:38,4
DA:39,4
DA:43,2
DA:44,2
DA:46,2
LF:20
LH:19
BRDA:7,0,0,2
BRDA:7,0,1,0
BRDA:12,1,0,0
BRDA:12,1,1,2
BRDA:26,2,0,6
BRDA:26,2,1,6
BRDA:26,2,2,4
BRDA:38,3,0,4
BRDA:38,3,1,0
BRF:9
BRH:6
end_of_record
TN:
SF:models\tanamanuser.js
FN:3,(anonymous_0)
FN:10,(anonymous_1)
FNF:2
FNH:2
FNDA:2,(anonymous_0)
FNDA:2,(anonymous_1)
DA:2,2
DA:3,2
DA:12,2
DA:15,2
DA:52,2
LF:5
LH:5
BRF:0
BRH:0
end_of_record
TN:
SF:models\user.js
FN:5,(anonymous_0)
FN:12,(anonymous_1)
FN:60,(anonymous_2)
FNF:3
FNH:3
FNDA:2,(anonymous_0)
FNDA:2,(anonymous_1)
FNDA:2,(anonymous_2)
DA:2,2
DA:3,2
DA:4,2
DA:5,2
DA:14,2
DA:17,2
DA:61,2
DA:66,2
LF:8
LH:8
BRF:0
BRH:0
end_of_record
TN:
SF:routes\Users.js
FNF:0
FNH:0
DA:1,2
DA:2,2
DA:4,2
DA:5,2
DA:7,2
LF:5
LH:5
BRF:0
BRH:0
end_of_record
TN:
SF:routes\index.js
FNF:0
FNH:0
DA:1,2
DA:2,2
DA:3,2
DA:5,2
DA:6,2
DA:8,2
LF:6
LH:6
BRF:0
BRH:0
end_of_record
TN:
SF:routes\tanamanUsers.js
FNF:0
FNH:0
DA:1,2
DA:2,2
DA:3,2
DA:5,2
DA:6,2
DA:7,2
DA:8,2
DA:9,2
DA:10,2
DA:12,2
LF:10
LH:10
BRF:0
BRH:0
end_of_record
