TN:
SF:app-test.js
FNF:0
FNH:0
DA:1,1
DA:2,1
DA:3,1
DA:4,1
DA:6,1
DA:8,1
DA:9,1
DA:10,1
DA:16,1
LF:9
LH:9
BRDA:6,0,0,1
BRDA:6,0,1,1
BRF:2
BRH:2
end_of_record
TN:
SF:controllers\tanamanController.js
FN:4,(anonymous_0)
FN:6,(anonymous_1)
FN:11,(anonymous_2)
FN:16,(anonymous_3)
FN:25,(anonymous_4)
FN:28,(anonymous_5)
FN:33,(anonymous_6)
FN:36,(anonymous_7)
FN:43,(anonymous_8)
FN:48,(anonymous_9)
FN:54,(anonymous_10)
FN:61,(anonymous_11)
FN:66,(anonymous_12)
FN:69,(anonymous_13)
FN:76,(anonymous_14)
FNF:15
FNH:10
FNDA:1,(anonymous_0)
FNDA:1,(anonymous_1)
FNDA:0,(anonymous_2)
FNDA:1,(anonymous_3)
FNDA:1,(anonymous_4)
FNDA:0,(anonymous_5)
FNDA:2,(anonymous_6)
FNDA:2,(anonymous_7)
FNDA:0,(anonymous_8)
FNDA:2,(anonymous_9)
FNDA:2,(anonymous_10)
FNDA:0,(anonymous_11)
FNDA:2,(anonymous_12)
FNDA:2,(anonymous_13)
FNDA:0,(anonymous_14)
DA:1,1
DA:5,1
DA:7,1
DA:12,0
DA:17,1
DA:24,1
DA:26,1
DA:29,0
DA:34,2
DA:35,2
DA:37,2
DA:38,1
DA:40,1
DA:44,0
DA:49,2
DA:50,2
DA:51,2
DA:55,2
DA:56,1
DA:58,1
DA:62,0
DA:67,2
DA:68,2
DA:70,2
DA:71,1
DA:73,1
DA:77,0
DA:82,1
LF:28
LH:23
BRDA:37,0,0,1
BRDA:37,0,1,1
BRDA:55,1,0,1
BRDA:55,1,1,1
BRDA:70,2,0,1
BRDA:70,2,1,1
BRF:6
BRH:6
end_of_record
TN:
SF:models\index.js
FN:20,(anonymous_0)
FN:23,(anonymous_1)
FN:28,(anonymous_2)
FNF:3
FNH:3
FNDA:2,(anonymous_0)
FNDA:1,(anonymous_1)
FNDA:1,(anonymous_2)
DA:3,1
DA:4,1
DA:5,1
DA:6,1
DA:7,1
DA:8,1
DA:9,1
DA:12,1
DA:13,0
DA:15,1
DA:18,1
DA:21,2
DA:24,1
DA:25,1
DA:28,1
DA:29,1
DA:30,1
DA:34,1
DA:35,1
DA:37,1
LF:20
LH:19
BRDA:7,0,0,1
BRDA:7,0,1,0
BRDA:12,1,0,0
BRDA:12,1,1,1
BRDA:21,2,0,2
BRDA:21,2,1,2
BRDA:21,2,2,1
BRDA:29,3,0,1
BRDA:29,3,1,0
BRF:9
BRH:6
end_of_record
TN:
SF:models\tanaman.js
FN:2,(anonymous_0)
FN:16,(anonymous_1)
FNF:2
FNH:2
FNDA:1,(anonymous_0)
FNDA:1,(anonymous_1)
DA:2,1
DA:3,1
DA:9,1
DA:16,1
DA:19,1
LF:5
LH:5
BRF:0
BRH:0
end_of_record
TN:
SF:routes\index.js
FNF:0
FNH:0
DA:1,1
DA:2,1
DA:4,1
DA:5,1
DA:6,1
DA:7,1
DA:8,1
DA:11,1
LF:8
LH:8
BRF:0
BRH:0
end_of_record
